<?xml version="1.0" encoding="UTF-8"?>
<!-- Generated by org.testng.reporters.JUnitReportReporter -->
<testsuite skipped="5" hostname="DESKTOP-LJ046SQ" name="stepdefinition.Amazon" tests="6" failures="1" timestamp="2020-06-19T13:39:42 IST" time="3.649" errors="0">
  <testcase name="searchProdcut" time="0.000" classname="stepdefinition.Amazon">
    <skipped/>
  </testcase> <!-- searchProdcut -->
  <system-out/>
  <testcase name="searchProdcut" time="0.000" classname="stepdefinition.Amazon">
    <skipped/>
  </testcase> <!-- searchProdcut -->
  <system-out/>
  <testcase name="searchProdcut" time="0.000" classname="stepdefinition.Amazon">
    <skipped/>
  </testcase> <!-- searchProdcut -->
  <system-out/>
  <testcase name="searchProdcut" time="0.000" classname="stepdefinition.Amazon">
    <skipped/>
  </testcase> <!-- searchProdcut -->
  <system-out/>
  <testcase name="searchProdcut" time="0.000" classname="stepdefinition.Amazon">
    <skipped/>
  </testcase> <!-- searchProdcut -->
  <system-out/>
  <testcase name="browserLaunch" time="3.649" classname="stepdefinition.Amazon">
    <failure type="java.lang.AssertionError" message="both are true expected [false] but found [true]">
      <![CDATA[java.lang.AssertionError: both are true expected [false] but found [true]
at org.testng.Assert.fail(Assert.java:97)
at org.testng.Assert.assertEqualsImpl(Assert.java:136)
at org.testng.Assert.assertEquals(Assert.java:118)
at org.testng.Assert.assertEquals(Assert.java:751)
at stepdefinition.Amazon.browserLaunch(Amazon.java:42)
at sun.reflect.NativeMethodAccessorImpl.invoke0(Native Method)
at sun.reflect.NativeMethodAccessorImpl.invoke(Unknown Source)
at sun.reflect.DelegatingMethodAccessorImpl.invoke(Unknown Source)
at java.lang.reflect.Method.invoke(Unknown Source)
at org.testng.internal.MethodInvocationHelper.invokeMethod(MethodInvocationHelper.java:135)
at org.testng.internal.MethodInvocationHelper.invokeMethodConsideringTimeout(MethodInvocationHelper.java:64)
at org.testng.internal.ConfigInvoker.invokeConfigurationMethod(ConfigInvoker.java:364)
at org.testng.internal.ConfigInvoker.invokeConfigurations(ConfigInvoker.java:318)
at org.testng.SuiteRunner.privateRun(SuiteRunner.java:327)
at org.testng.SuiteRunner.run(SuiteRunner.java:286)
at org.testng.SuiteRunnerWorker.runSuite(SuiteRunnerWorker.java:53)
at org.testng.SuiteRunnerWorker.run(SuiteRunnerWorker.java:96)
at org.testng.TestNG.runSuitesSequentially(TestNG.java:1214)
at org.testng.TestNG.runSuitesLocally(TestNG.java:1136)
at org.testng.TestNG.runSuites(TestNG.java:1066)
at org.testng.TestNG.run(TestNG.java:1034)
at org.testng.remote.AbstractRemoteTestNG.run(AbstractRemoteTestNG.java:115)
at org.testng.remote.RemoteTestNG.initAndRun(RemoteTestNG.java:251)
at org.testng.remote.RemoteTestNG.main(RemoteTestNG.java:77)
]]>
    </failure>
  </testcase> <!-- browserLaunch -->
  <system-out/>
</testsuite> <!-- stepdefinition.Amazon -->
